# JRE version: OpenJDK Runtime Environment (8.0_112-b06) (build 1.8.0_112-release-b06)
# Java VM: OpenJDK 64-Bit Server VM (25.112-b06 mixed mode windows-amd64 compressed oops)
Heap:
 PSYoungGen      total 108544K, used 53878K [0x00000000e0000000, 0x00000000e7900000, 0x0000000100000000)
  eden space 97280K, 43% used [0x00000000e0000000,0x00000000e299e550,0x00000000e5f00000)
  from space 11264K, 99% used [0x00000000e6c00000,0x00000000e76ff6a8,0x00000000e7700000)
  to   space 13312K, 0% used [0x00000000e5f00000,0x00000000e5f00000,0x00000000e6c00000)
 ParOldGen       total 59392K, used 20144K [0x00000000a0000000, 0x00000000a3a00000, 0x00000000e0000000)
  object space 59392K, 33% used [0x00000000a0000000,0x00000000a13ac0a0,0x00000000a3a00000)
 Metaspace       used 49011K, capacity 50482K, committed 50816K, reserved 1093632K
  class space    used 6590K, capacity 6914K, committed 7040K, reserved 1048576K
GC Heap History (10 events):
Event: 61.310 GC heap before
{Heap before GC invocations=12 (full 1):
 PSYoungGen      total 66560K, used 65335K [0x00000000e0000000, 0x00000000e5980000, 0x0000000100000000)
  eden space 61440K, 98% used [0x00000000e0000000,0x00000000e3ad23d8,0x00000000e3c00000)
  from space 5120K, 99% used [0x00000000e4400000,0x00000000e48fb968,0x00000000e4900000)
  to   space 8192K, 0% used [0x00000000e3c00000,0x00000000e3c00000,0x00000000e4400000)
 ParOldGen       total 37888K, used 10832K [0x00000000a0000000, 0x00000000a2500000, 0x00000000e0000000)
  object space 37888K, 28% used [0x00000000a0000000,0x00000000a0a941b0,0x00000000a2500000)
 Metaspace       used 34775K, capacity 35340K, committed 35496K, reserved 1079296K
  class space    used 4621K, capacity 4814K, committed 4864K, reserved 1048576K
Event: 61.517 GC heap after
Heap after GC invocations=12 (full 1):
 PSYoungGen      total 69632K, used 8190K [0x00000000e0000000, 0x00000000e6000000, 0x0000000100000000)
  eden space 61440K, 0% used [0x00000000e0000000,0x00000000e0000000,0x00000000e3c00000)
  from space 8192K, 99% used [0x00000000e3c00000,0x00000000e43ff8e0,0x00000000e4400000)
  to   space 9728K, 0% used [0x00000000e5680000,0x00000000e5680000,0x00000000e6000000)
 ParOldGen       total 37888K, used 13455K [0x00000000a0000000, 0x00000000a2500000, 0x00000000e0000000)
  object space 37888K, 35% used [0x00000000a0000000,0x00000000a0d23d30,0x00000000a2500000)
 Metaspace       used 34775K, capacity 35340K, committed 35496K, reserved 1079296K
  class space    used 4621K, capacity 4814K, committed 4864K, reserved 1048576K
}
Event: 61.517 GC heap before
{Heap before GC invocations=13 (full 2):
 PSYoungGen      total 69632K, used 8190K [0x00000000e0000000, 0x00000000e6000000, 0x0000000100000000)
  eden space 61440K, 0% used [0x00000000e0000000,0x00000000e0000000,0x00000000e3c00000)
  from space 8192K, 99% used [0x00000000e3c00000,0x00000000e43ff8e0,0x00000000e4400000)
  to   space 9728K, 0% used [0x00000000e5680000,0x00000000e5680000,0x00000000e6000000)
 ParOldGen       total 37888K, used 13455K [0x00000000a0000000, 0x00000000a2500000, 0x00000000e0000000)
  object space 37888K, 35% used [0x00000000a0000000,0x00000000a0d23d30,0x00000000a2500000)
 Metaspace       used 34775K, capacity 35340K, committed 35496K, reserved 1079296K
  class space    used 4621K, capacity 4814K, committed 4864K, reserved 1048576K
Event: 62.012 GC heap after
Heap after GC invocations=13 (full 2):
 PSYoungGen      total 69632K, used 0K [0x00000000e0000000, 0x00000000e6000000, 0x0000000100000000)
  eden space 61440K, 0% used [0x00000000e0000000,0x00000000e0000000,0x00000000e3c00000)
  from space 8192K, 0% used [0x00000000e3c00000,0x00000000e3c00000,0x00000000e4400000)
  to   space 9728K, 0% used [0x00000000e5680000,0x00000000e5680000,0x00000000e6000000)
 ParOldGen       total 59392K, used 17620K [0x00000000a0000000, 0x00000000a3a00000, 0x00000000e0000000)
  object space 59392K, 29% used [0x00000000a0000000,0x00000000a11350d8,0x00000000a3a00000)
 Metaspace       used 34775K, capacity 35340K, committed 35496K, reserved 1079296K
  class space    used 4621K, capacity 4814K, committed 4864K, reserved 1048576K
}
Event: 71.422 GC heap before
{Heap before GC invocations=14 (full 2):
 PSYoungGen      total 69632K, used 61440K [0x00000000e0000000, 0x00000000e6000000, 0x0000000100000000)
  eden space 61440K, 100% used [0x00000000e0000000,0x00000000e3c00000,0x00000000e3c00000)
  from space 8192K, 0% used [0x00000000e3c00000,0x00000000e3c00000,0x00000000e4400000)
  to   space 9728K, 0% used [0x00000000e5680000,0x00000000e5680000,0x00000000e6000000)
 ParOldGen       total 59392K, used 17620K [0x00000000a0000000, 0x00000000a3a00000, 0x00000000e0000000)
  object space 59392K, 29% used [0x00000000a0000000,0x00000000a11350d8,0x00000000a3a00000)
 Metaspace       used 39413K, capacity 40194K, committed 40320K, reserved 1083392K
  class space    used 5290K, capacity 5496K, committed 5504K, reserved 1048576K
Event: 71.489 GC heap after
Heap after GC invocations=14 (full 2):
 PSYoungGen      total 88064K, used 7659K [0x00000000e0000000, 0x00000000e6100000, 0x0000000100000000)
  eden space 78336K, 0% used [0x00000000e0000000,0x00000000e0000000,0x00000000e4c80000)
  from space 9728K, 78% used [0x00000000e5680000,0x00000000e5dfacb0,0x00000000e6000000)
  to   space 10240K, 0% used [0x00000000e4c80000,0x00000000e4c80000,0x00000000e5680000)
 ParOldGen       total 59392K, used 17628K [0x00000000a0000000, 0x00000000a3a00000, 0x00000000e0000000)
  object space 59392K, 29% used [0x00000000a0000000,0x00000000a11370d8,0x00000000a3a00000)
 Metaspace       used 39413K, capacity 40194K, committed 40320K, reserved 1083392K
  class space    used 5290K, capacity 5496K, committed 5504K, reserved 1048576K
}
Event: 81.043 GC heap before
{Heap before GC invocations=15 (full 2):
 PSYoungGen      total 88064K, used 85995K [0x00000000e0000000, 0x00000000e6100000, 0x0000000100000000)
  eden space 78336K, 100% used [0x00000000e0000000,0x00000000e4c80000,0x00000000e4c80000)
  from space 9728K, 78% used [0x00000000e5680000,0x00000000e5dfacb0,0x00000000e6000000)
  to   space 10240K, 0% used [0x00000000e4c80000,0x00000000e4c80000,0x00000000e5680000)
 ParOldGen       total 59392K, used 17628K [0x00000000a0000000, 0x00000000a3a00000, 0x00000000e0000000)
  object space 59392K, 29% used [0x00000000a0000000,0x00000000a11370d8,0x00000000a3a00000)
 Metaspace       used 42712K, capacity 43492K, committed 43776K, reserved 1087488K
  class space    used 5663K, capacity 5861K, committed 5888K, reserved 1048576K
Event: 81.109 GC heap after
Heap after GC invocations=15 (full 2):
 PSYoungGen      total 88576K, used 9263K [0x00000000e0000000, 0x00000000e7700000, 0x0000000100000000)
  eden space 78336K, 0% used [0x00000000e0000000,0x00000000e0000000,0x00000000e4c80000)
  from space 10240K, 90% used [0x00000000e4c80000,0x00000000e558bfe0,0x00000000e5680000)
  to   space 11264K, 0% used [0x00000000e6c00000,0x00000000e6c00000,0x00000000e7700000)
 ParOldGen       total 59392K, used 17636K [0x00000000a0000000, 0x00000000a3a00000, 0x00000000e0000000)
  object space 59392K, 29% used [0x00000000a0000000,0x00000000a11390d8,0x00000000a3a00000)
 Metaspace       used 42712K, capacity 43492K, committed 43776K, reserved 1087488K
  class space    used 5663K, capacity 5861K, committed 5888K, reserved 1048576K
}
Event: 92.188 GC heap before
{Heap before GC invocations=16 (full 2):
 PSYoungGen      total 88576K, used 87599K [0x00000000e0000000, 0x00000000e7700000, 0x0000000100000000)
  eden space 78336K, 100% used [0x00000000e0000000,0x00000000e4c80000,0x00000000e4c80000)
  from space 10240K, 90% used [0x00000000e4c80000,0x00000000e558bfe0,0x00000000e5680000)
  to   space 11264K, 0% used [0x00000000e6c00000,0x00000000e6c00000,0x00000000e7700000)
 ParOldGen       total 59392K, used 17636K [0x00000000a0000000, 0x00000000a3a00000, 0x00000000e0000000)
  object space 59392K, 29% used [0x00000000a0000000,0x00000000a11390d8,0x00000000a3a00000)
 Metaspace       used 46469K, capacity 47772K, committed 48000K, reserved 1091584K
  class space    used 6223K, capacity 6509K, committed 6528K, reserved 1048576K
Event: 92.225 GC heap after
Heap after GC invocations=16 (full 2):
 PSYoungGen      total 108544K, used 11261K [0x00000000e0000000, 0x00000000e7900000, 0x0000000100000000)
  eden space 97280K, 0% used [0x00000000e0000000,0x00000000e0000000,0x00000000e5f00000)
  from space 11264K, 99% used [0x00000000e6c00000,0x00000000e76ff6a8,0x00000000e7700000)
  to   space 13312K, 0% used [0x00000000e5f00000,0x00000000e5f00000,0x00000000e6c00000)
 ParOldGen       total 59392K, used 20144K [0x00000000a0000000, 0x00000000a3a00000, 0x00000000e0000000)
  object space 59392K, 33% used [0x00000000a0000000,0x00000000a13ac0a0,0x00000000a3a00000)
 Metaspace       used 46469K, capacity 47772K, committed 48000K, reserved 1091584K
  class space    used 6223K, capacity 6509K, committed 6528K, reserved 1048576K
}

